running develop
running egg_info
creating ares_bridges.egg-info
writing ares_bridges.egg-info/PKG-INFO
writing dependency_links to ares_bridges.egg-info/dependency_links.txt
writing entry points to ares_bridges.egg-info/entry_points.txt
writing requirements to ares_bridges.egg-info/requires.txt
writing top-level names to ares_bridges.egg-info/top_level.txt
writing manifest file 'ares_bridges.egg-info/SOURCES.txt'
reading manifest file 'ares_bridges.egg-info/SOURCES.txt'
writing manifest file 'ares_bridges.egg-info/SOURCES.txt'
running build_ext
Creating /home/kibeom/rescue_amr_project/bridge_ws/install/ares_bridges/lib/python3.10/site-packages/ares-bridges.egg-link (link to .)
Installing ai_vision_bridge script to /home/kibeom/rescue_amr_project/bridge_ws/install/ares_bridges/lib/ares_bridges
Installing robot_status_bridge script to /home/kibeom/rescue_amr_project/bridge_ws/install/ares_bridges/lib/ares_bridges
Installing webrtc_bridge script to /home/kibeom/rescue_amr_project/bridge_ws/install/ares_bridges/lib/ares_bridges

Installed /home/kibeom/rescue_amr_project/bridge_ws/build/ares_bridges
running symlink_data
creating /home/kibeom/rescue_amr_project/bridge_ws/install/ares_bridges/share/ament_index
creating /home/kibeom/rescue_amr_project/bridge_ws/install/ares_bridges/share/ament_index/resource_index
creating /home/kibeom/rescue_amr_project/bridge_ws/install/ares_bridges/share/ament_index/resource_index/packages
symbolically linking /home/kibeom/rescue_amr_project/bridge_ws/build/ares_bridges/resource/ares_bridges -> /home/kibeom/rescue_amr_project/bridge_ws/install/ares_bridges/share/ament_index/resource_index/packages
symbolically linking /home/kibeom/rescue_amr_project/bridge_ws/build/ares_bridges/package.xml -> /home/kibeom/rescue_amr_project/bridge_ws/install/ares_bridges/share/ares_bridges
creating /home/kibeom/rescue_amr_project/bridge_ws/install/ares_bridges/share/ares_bridges/launch
symbolically linking /home/kibeom/rescue_amr_project/bridge_ws/build/ares_bridges/launch/ares_bridge.launch.py -> /home/kibeom/rescue_amr_project/bridge_ws/install/ares_bridges/share/ares_bridges/launch
