[0.528s] Invoking command in '/home/kibeom/rescue_amr_project/bridge_ws/build/ares_bridges': PYTHONPATH=/home/kibeom/rescue_amr_project/bridge_ws/build/ares_bridges/prefix_override:/usr/lib/python3/dist-packages/colcon_core/task/python/colcon_distutils_commands:/home/kibeom/rescue_amr_project/bridge_ws/install/ares_bridges/lib/python3.10/site-packages:${PYTHONPATH} /usr/bin/python3 -W ignore:setup.py install is deprecated -W ignore:easy_install command is deprecated setup.py develop --editable --build-directory /home/kibeom/rescue_amr_project/bridge_ws/build/ares_bridges/build --no-deps symlink_data
[0.738s] running develop
[0.872s] running egg_info
[0.872s] creating ares_bridges.egg-info
[0.872s] writing ares_bridges.egg-info/PKG-INFO
[0.872s] writing dependency_links to ares_bridges.egg-info/dependency_links.txt
[0.872s] writing entry points to ares_bridges.egg-info/entry_points.txt
[0.872s] writing requirements to ares_bridges.egg-info/requires.txt
[0.872s] writing top-level names to ares_bridges.egg-info/top_level.txt
[0.872s] writing manifest file 'ares_bridges.egg-info/SOURCES.txt'
[0.873s] reading manifest file 'ares_bridges.egg-info/SOURCES.txt'
[0.873s] writing manifest file 'ares_bridges.egg-info/SOURCES.txt'
[0.875s] running build_ext
[0.875s] Creating /home/kibeom/rescue_amr_project/bridge_ws/install/ares_bridges/lib/python3.10/site-packages/ares-bridges.egg-link (link to .)
[0.875s] Installing ai_vision_bridge script to /home/kibeom/rescue_amr_project/bridge_ws/install/ares_bridges/lib/ares_bridges
[0.875s] Installing robot_status_bridge script to /home/kibeom/rescue_amr_project/bridge_ws/install/ares_bridges/lib/ares_bridges
[0.875s] Installing webrtc_bridge script to /home/kibeom/rescue_amr_project/bridge_ws/install/ares_bridges/lib/ares_bridges
[0.875s] 
[0.875s] Installed /home/kibeom/rescue_amr_project/bridge_ws/build/ares_bridges
[0.875s] running symlink_data
[0.876s] creating /home/kibeom/rescue_amr_project/bridge_ws/install/ares_bridges/share/ament_index
[0.876s] creating /home/kibeom/rescue_amr_project/bridge_ws/install/ares_bridges/share/ament_index/resource_index
[0.876s] creating /home/kibeom/rescue_amr_project/bridge_ws/install/ares_bridges/share/ament_index/resource_index/packages
[0.876s] symbolically linking /home/kibeom/rescue_amr_project/bridge_ws/build/ares_bridges/resource/ares_bridges -> /home/kibeom/rescue_amr_project/bridge_ws/install/ares_bridges/share/ament_index/resource_index/packages
[0.876s] symbolically linking /home/kibeom/rescue_amr_project/bridge_ws/build/ares_bridges/package.xml -> /home/kibeom/rescue_amr_project/bridge_ws/install/ares_bridges/share/ares_bridges
[0.876s] creating /home/kibeom/rescue_amr_project/bridge_ws/install/ares_bridges/share/ares_bridges/launch
[0.876s] symbolically linking /home/kibeom/rescue_amr_project/bridge_ws/build/ares_bridges/launch/ares_bridge.launch.py -> /home/kibeom/rescue_amr_project/bridge_ws/install/ares_bridges/share/ares_bridges/launch
[0.894s] Invoked command in '/home/kibeom/rescue_amr_project/bridge_ws/build/ares_bridges' returned '0': PYTHONPATH=/home/kibeom/rescue_amr_project/bridge_ws/build/ares_bridges/prefix_override:/usr/lib/python3/dist-packages/colcon_core/task/python/colcon_distutils_commands:/home/kibeom/rescue_amr_project/bridge_ws/install/ares_bridges/lib/python3.10/site-packages:${PYTHONPATH} /usr/bin/python3 -W ignore:setup.py install is deprecated -W ignore:easy_install command is deprecated setup.py develop --editable --build-directory /home/kibeom/rescue_amr_project/bridge_ws/build/ares_bridges/build --no-deps symlink_data
